<?xml version="1.0" encoding="UTF-8"?>
<!-- Generated by org.testng.reporters.JUnitXMLReporter -->
<testsuite hostname="DESKTOP-MM75KI0" failures="1" tests="1" name="GCTest" time="37.75" errors="0" timestamp="6 Jul 2020 13:49:44 GMT">
  <testcase classname="test.TestNG_TestRunner" name="" time="37.707">
    <failure type="cucumber.runtime.CucumberException" message="java.lang.NullPointerException">
      <![CDATA[cucumber.runtime.CucumberException: java.lang.NullPointerException
	at test.TestNG_TestRunner.CucumberRunner(TestNG_TestRunner.java:69)
	at java.base/java.util.concurrent.FutureTask.run(FutureTask.java:264)
	at java.base/java.util.concurrent.ThreadPoolExecutor.runWorker(ThreadPoolExecutor.java:1128)
	at java.base/java.util.concurrent.ThreadPoolExecutor$Worker.run(ThreadPoolExecutor.java:628)
	at java.base/java.lang.Thread.run(Thread.java:835)
Caused by: java.lang.NullPointerException
	at pages.FlightReservation.selectSourceandDestination(FlightReservation.java:67)
	at stepDefinition.Test_Steps.select_source_and_destination_from_excel(Test_Steps.java:27)
	at ✽.And Select source and destination from excel(Login_GC.feature:6)
... Removed 16 stack frames]]>
    </failure>
  </testcase> <!--  -->
</testsuite> <!-- GCTest -->
