<?xml version="1.0" encoding="UTF-8"?>
<testng-results total="1" passed="1" failed="0" skipped="0">
  <reporter-output>
  </reporter-output>
  <suite started-at="2020-07-06T14:47:30Z" name="Suite" finished-at="2020-07-06T14:48:22Z" duration-ms="52145">
    <groups>
    </groups>
    <test started-at="2020-07-06T14:47:30Z" name="Test" finished-at="2020-07-06T14:48:22Z" duration-ms="52145">
      <class name="testInvoke.TestRunner">
        <test-method signature="CucumberRunner()[pri:0, instance:testInvoke.TestRunner@17c386de]" started-at="2020-07-06T20:17:30Z" name="CucumberRunner" finished-at="2020-07-06T20:18:22Z" duration-ms="52117" status="PASS">
          <reporter-output>
          </reporter-output>
        </test-method> <!-- CucumberRunner -->
      </class> <!-- testInvoke.TestRunner -->
    </test> <!-- Test -->
  </suite> <!-- Suite -->
</testng-results>
